{"level":"error","message":"MongoDB connection failed (attempt 1/5): The `uri` parameter to `openUri()` must be a string, got \"undefined\". Make sure the first parameter to `mongoose.connect()` or `mongoose.createConnection()` is a string.","timestamp":"2026-03-28T17:34:09.177Z"}
{"level":"error","message":"MongoDB error: The `uri` parameter to `openUri()` must be a string, got \"undefined\". Make sure the first parameter to `mongoose.connect()` or `mongoose.createConnection()` is a string.","timestamp":"2026-03-28T17:34:09.180Z"}
{"level":"error","message":"MongoDB connection failed (attempt 2/5): The `uri` parameter to `openUri()` must be a string, got \"undefined\". Make sure the first parameter to `mongoose.connect()` or `mongoose.createConnection()` is a string.","timestamp":"2026-03-28T17:34:11.182Z"}
{"level":"error","message":"MongoDB error: The `uri` parameter to `openUri()` must be a string, got \"undefined\". Make sure the first parameter to `mongoose.connect()` or `mongoose.createConnection()` is a string.","timestamp":"2026-03-28T17:34:11.183Z"}
{"level":"error","message":"MongoDB connection failed (attempt 3/5): The `uri` parameter to `openUri()` must be a string, got \"undefined\". Make sure the first parameter to `mongoose.connect()` or `mongoose.createConnection()` is a string.","timestamp":"2026-03-28T17:34:15.188Z"}
{"level":"error","message":"MongoDB error: The `uri` parameter to `openUri()` must be a string, got \"undefined\". Make sure the first parameter to `mongoose.connect()` or `mongoose.createConnection()` is a string.","timestamp":"2026-03-28T17:34:15.189Z"}
{"level":"error","message":"MongoDB connection failed (attempt 4/5): The `uri` parameter to `openUri()` must be a string, got \"undefined\". Make sure the first parameter to `mongoose.connect()` or `mongoose.createConnection()` is a string.","timestamp":"2026-03-28T17:34:23.196Z"}
{"level":"error","message":"MongoDB error: The `uri` parameter to `openUri()` must be a string, got \"undefined\". Make sure the first parameter to `mongoose.connect()` or `mongoose.createConnection()` is a string.","timestamp":"2026-03-28T17:34:23.197Z"}
{"level":"error","message":"Redis error: connect ECONNREFUSED 127.0.0.1:6379","timestamp":"2026-03-28T17:36:13.262Z"}
{"level":"error","message":"Redis error: connect ECONNREFUSED 127.0.0.1:6379","timestamp":"2026-03-28T17:36:13.366Z"}
{"level":"error","message":"Redis error: connect ECONNREFUSED 127.0.0.1:6379","timestamp":"2026-03-28T17:36:13.585Z"}
{"level":"error","message":"Redis error: connect ECONNREFUSED 127.0.0.1:6379","timestamp":"2026-03-28T17:36:13.887Z"}
{"body":{"deviceData":{"hasMockApps":false,"isEmulator":false,"isMockLocation":false,"isRooted":false,"os":"web","userAgent":"Mozilla/5.0 (X11; Linux x86_64; rv:148.0) Gecko/20100101 Firefox/148.0"},"otp":"916922","phone":"9974563769"},"level":"error","message":"Unhandled Error: secretOrPrivateKey must have a value","method":"POST","path":"/api/v1/auth/otp/verify","stack":"Error: secretOrPrivateKey must have a value\n    at module.exports [as sign] (/home/ambivert/AMBIVERT/TECH/GITHUB/PROJECTS/Insurance/AI-Parametric-Insurance-for-India-s-Gig-Workers/backend/node_modules/jsonwebtoken/sign.js:111:20)\n    at generateAccessToken (/home/ambivert/AMBIVERT/TECH/GITHUB/PROJECTS/Insurance/AI-Parametric-Insurance-for-India-s-Gig-Workers/backend/src/utils/crypto.js:71:14)\n    at Object.verifyOTP (/home/ambivert/AMBIVERT/TECH/GITHUB/PROJECTS/Insurance/AI-Parametric-Insurance-for-India-s-Gig-Workers/backend/src/services/auth/authService.js:284:23)\n    at process.processTicksAndRejections (node:internal/process/task_queues:104:5)\n    at async verifyOTP (/home/ambivert/AMBIVERT/TECH/GITHUB/PROJECTS/Insurance/AI-Parametric-Insurance-for-India-s-Gig-Workers/backend/src/services/auth/authController.js:18:20)","timestamp":"2026-03-30T06:44:59.573Z"}
{"level":"error","message":"Weather API failed for MUMBAI: Invalid URL","timestamp":"2026-03-30T06:45:00.040Z"}
{"level":"error","message":"Weather API failed for DELHI: Invalid URL","timestamp":"2026-03-30T06:45:01.333Z"}
{"level":"error","message":"Weather API failed for BENGALURU: Invalid URL","timestamp":"2026-03-30T06:45:01.477Z"}
{"level":"error","message":"Weather API failed for HYDERABAD: Invalid URL","timestamp":"2026-03-30T06:45:01.620Z"}
{"level":"error","message":"Weather API failed for CHENNAI: Invalid URL","timestamp":"2026-03-30T06:45:01.835Z"}
{"level":"error","message":"Weather API failed for PUNE: Invalid URL","timestamp":"2026-03-30T06:45:01.975Z"}
{"level":"error","message":"Weather API failed for KOLKATA: Invalid URL","timestamp":"2026-03-30T06:45:02.130Z"}
{"level":"error","message":"Weather API failed for AHMEDABAD: Invalid URL","timestamp":"2026-03-30T06:45:02.271Z"}
{"level":"error","message":"Weather API failed for JAIPUR: Invalid URL","timestamp":"2026-03-30T06:45:02.417Z"}
{"level":"error","message":"Weather API failed for LUCKNOW: Invalid URL","timestamp":"2026-03-30T06:45:02.558Z"}
{"body":{"deviceData":{"hasMockApps":false,"isEmulator":false,"isMockLocation":false,"isRooted":false,"os":"web","userAgent":"Mozilla/5.0 (X11; Linux x86_64; rv:148.0) Gecko/20100101 Firefox/148.0"},"otp":"991076","phone":"9974563769"},"level":"error","message":"Unhandled Error: secretOrPrivateKey must have a value","method":"POST","path":"/api/v1/auth/otp/verify","stack":"Error: secretOrPrivateKey must have a value\n    at module.exports [as sign] (/home/ambivert/AMBIVERT/TECH/GITHUB/PROJECTS/Insurance/AI-Parametric-Insurance-for-India-s-Gig-Workers/backend/node_modules/jsonwebtoken/sign.js:111:20)\n    at generateAccessToken (/home/ambivert/AMBIVERT/TECH/GITHUB/PROJECTS/Insurance/AI-Parametric-Insurance-for-India-s-Gig-Workers/backend/src/utils/crypto.js:71:14)\n    at Object.verifyOTP (/home/ambivert/AMBIVERT/TECH/GITHUB/PROJECTS/Insurance/AI-Parametric-Insurance-for-India-s-Gig-Workers/backend/src/services/auth/authService.js:284:23)\n    at process.processTicksAndRejections (node:internal/process/task_queues:104:5)\n    at async verifyOTP (/home/ambivert/AMBIVERT/TECH/GITHUB/PROJECTS/Insurance/AI-Parametric-Insurance-for-India-s-Gig-Workers/backend/src/services/auth/authController.js:18:20)","timestamp":"2026-03-30T06:45:25.957Z"}
{"body":{"deviceData":{"hasMockApps":false,"isEmulator":false,"isMockLocation":false,"isRooted":false,"os":"web","userAgent":"Mozilla/5.0 (X11; Linux x86_64; rv:148.0) Gecko/20100101 Firefox/148.0"},"otp":"977855","phone":"9974563769"},"level":"error","message":"Unhandled Error: KEYS.refreshToken is not a function","method":"POST","path":"/api/v1/auth/otp/verify","stack":"TypeError: KEYS.refreshToken is not a function\n    at Object.verifyOTP (/home/ambivert/AMBIVERT/TECH/GITHUB/PROJECTS/Insurance/AI-Parametric-Insurance-for-India-s-Gig-Workers/backend/src/services/auth/authService.js:288:10)\n    at process.processTicksAndRejections (node:internal/process/task_queues:104:5)\n    at async verifyOTP (/home/ambivert/AMBIVERT/TECH/GITHUB/PROJECTS/Insurance/AI-Parametric-Insurance-for-India-s-Gig-Workers/backend/src/services/auth/authController.js:18:20)","timestamp":"2026-03-30T06:49:07.733Z"}
{"level":"error","message":"Weather API failed for MUMBAI: Invalid URL","timestamp":"2026-03-30T07:00:00.810Z"}
{"level":"error","message":"Weather API failed for DELHI: Invalid URL","timestamp":"2026-03-30T07:00:01.381Z"}
{"level":"error","message":"Weather API failed for BENGALURU: Invalid URL","timestamp":"2026-03-30T07:00:01.523Z"}
{"level":"error","message":"Weather API failed for HYDERABAD: Invalid URL","timestamp":"2026-03-30T07:00:01.663Z"}
{"level":"error","message":"Weather API failed for CHENNAI: Invalid URL","timestamp":"2026-03-30T07:00:02.048Z"}
{"level":"error","message":"Weather API failed for PUNE: Invalid URL","timestamp":"2026-03-30T07:00:02.563Z"}
{"level":"error","message":"Weather API failed for KOLKATA: Invalid URL","timestamp":"2026-03-30T07:00:03.452Z"}
{"level":"error","message":"Weather API failed for AHMEDABAD: Invalid URL","timestamp":"2026-03-30T07:00:05.326Z"}
{"level":"error","message":"Weather API failed for JAIPUR: Invalid URL","timestamp":"2026-03-30T07:00:06.452Z"}
{"level":"error","message":"Weather API failed for LUCKNOW: Invalid URL","timestamp":"2026-03-30T07:00:06.846Z"}
{"level":"error","message":"Weather API failed for MUMBAI: Invalid URL","timestamp":"2026-03-30T11:00:00.356Z"}
{"level":"error","message":"Weather API failed for DELHI: Invalid URL","timestamp":"2026-03-30T11:00:00.949Z"}
{"level":"error","message":"Weather API failed for BENGALURU: Invalid URL","timestamp":"2026-03-30T11:00:01.101Z"}
{"level":"error","message":"Weather API failed for HYDERABAD: Invalid URL","timestamp":"2026-03-30T11:00:01.269Z"}
{"level":"error","message":"Weather API failed for CHENNAI: Invalid URL","timestamp":"2026-03-30T11:00:01.414Z"}
{"level":"error","message":"Weather API failed for PUNE: Invalid URL","timestamp":"2026-03-30T11:00:01.561Z"}
{"level":"error","message":"Weather API failed for KOLKATA: Invalid URL","timestamp":"2026-03-30T11:00:02.077Z"}
{"level":"error","message":"Weather API failed for AHMEDABAD: Invalid URL","timestamp":"2026-03-30T11:00:03.452Z"}
{"level":"error","message":"Weather API failed for JAIPUR: Invalid URL","timestamp":"2026-03-30T11:00:04.963Z"}
{"level":"error","message":"Weather API failed for LUCKNOW: Invalid URL","timestamp":"2026-03-30T11:00:06.105Z"}
{"level":"error","message":"Uncaught Exception: EIO: i/o error, write","timestamp":"2026-03-30T11:05:05.951Z"}
{"level":"error","message":"Weather API failed for MUMBAI: Invalid URL","timestamp":"2026-03-30T11:45:00.871Z"}
{"level":"error","message":"Weather API failed for DELHI: Invalid URL","timestamp":"2026-03-30T11:45:01.477Z"}
{"level":"error","message":"Weather API failed for BENGALURU: Invalid URL","timestamp":"2026-03-30T11:45:01.626Z"}
{"level":"error","message":"Weather API failed for HYDERABAD: Invalid URL","timestamp":"2026-03-30T11:45:01.862Z"}
{"level":"error","message":"Weather API failed for CHENNAI: Invalid URL","timestamp":"2026-03-30T11:45:02.006Z"}
{"level":"error","message":"Weather API failed for PUNE: Invalid URL","timestamp":"2026-03-30T11:45:02.152Z"}
{"level":"error","message":"Weather API failed for KOLKATA: Invalid URL","timestamp":"2026-03-30T11:45:02.377Z"}
{"level":"error","message":"Weather API failed for AHMEDABAD: Invalid URL","timestamp":"2026-03-30T11:45:02.616Z"}
{"level":"error","message":"Weather API failed for JAIPUR: Invalid URL","timestamp":"2026-03-30T11:45:02.770Z"}
{"level":"error","message":"Weather API failed for LUCKNOW: Invalid URL","timestamp":"2026-03-30T11:45:02.907Z"}
{"level":"error","message":"Weather API failed for MUMBAI: Invalid URL","timestamp":"2026-03-30T12:45:00.650Z"}
{"level":"error","message":"Weather API failed for DELHI: Invalid URL","timestamp":"2026-03-30T12:45:01.418Z"}
{"level":"error","message":"Weather API failed for BENGALURU: Invalid URL","timestamp":"2026-03-30T12:45:01.557Z"}
{"level":"error","message":"Weather API failed for HYDERABAD: Invalid URL","timestamp":"2026-03-30T12:45:01.699Z"}
{"level":"error","message":"Weather API failed for CHENNAI: Invalid URL","timestamp":"2026-03-30T12:45:01.965Z"}
{"level":"error","message":"Weather API failed for PUNE: Invalid URL","timestamp":"2026-03-30T12:45:02.106Z"}
{"level":"error","message":"Weather API failed for KOLKATA: Invalid URL","timestamp":"2026-03-30T12:45:02.347Z"}
{"level":"error","message":"Weather API failed for AHMEDABAD: Invalid URL","timestamp":"2026-03-30T12:45:02.839Z"}
{"level":"error","message":"Weather API failed for JAIPUR: Invalid URL","timestamp":"2026-03-30T12:45:03.157Z"}
{"level":"error","message":"Weather API failed for LUCKNOW: Invalid URL","timestamp":"2026-03-30T12:45:03.391Z"}
{"level":"error","message":"Uncaught Exception: write EIO","timestamp":"2026-03-30T12:46:49.707Z"}
{"level":"error","message":"Weather API failed for MUMBAI: Invalid URL","timestamp":"2026-03-30T16:00:00.380Z"}
{"level":"error","message":"Weather API failed for DELHI: Invalid URL","timestamp":"2026-03-30T16:00:00.961Z"}
{"level":"error","message":"Weather API failed for BENGALURU: Invalid URL","timestamp":"2026-03-30T16:00:01.098Z"}
{"level":"error","message":"Weather API failed for HYDERABAD: Invalid URL","timestamp":"2026-03-30T16:00:01.237Z"}
{"level":"error","message":"Weather API failed for CHENNAI: Invalid URL","timestamp":"2026-03-30T16:00:01.378Z"}
{"level":"error","message":"Weather API failed for PUNE: Invalid URL","timestamp":"2026-03-30T16:00:01.625Z"}
{"level":"error","message":"Weather API failed for KOLKATA: Invalid URL","timestamp":"2026-03-30T16:00:01.967Z"}
{"level":"error","message":"Weather API failed for AHMEDABAD: Invalid URL","timestamp":"2026-03-30T16:00:02.841Z"}
{"level":"error","message":"Weather API failed for JAIPUR: Invalid URL","timestamp":"2026-03-30T16:00:06.274Z"}
{"level":"error","message":"Weather API failed for LUCKNOW: Invalid URL","timestamp":"2026-03-30T16:00:07.177Z"}
{"level":"error","message":"Uncaught Exception: EIO: i/o error, write","timestamp":"2026-03-30T16:07:43.219Z"}
{"level":"error","message":"Weather API failed for MUMBAI: Invalid URL","timestamp":"2026-03-30T17:15:00.906Z"}
{"level":"error","message":"Weather API failed for DELHI: Invalid URL","timestamp":"2026-03-30T17:15:01.986Z"}
{"level":"error","message":"Weather API failed for BENGALURU: Invalid URL","timestamp":"2026-03-30T17:15:02.132Z"}
{"level":"error","message":"Weather API failed for HYDERABAD: Invalid URL","timestamp":"2026-03-30T17:15:02.284Z"}
{"level":"error","message":"Weather API failed for CHENNAI: Invalid URL","timestamp":"2026-03-30T17:15:02.473Z"}
{"level":"error","message":"Weather API failed for PUNE: Invalid URL","timestamp":"2026-03-30T17:15:02.622Z"}
{"level":"error","message":"Weather API failed for KOLKATA: Invalid URL","timestamp":"2026-03-30T17:15:02.772Z"}
{"level":"error","message":"Weather API failed for AHMEDABAD: Invalid URL","timestamp":"2026-03-30T17:15:02.987Z"}
{"level":"error","message":"Weather API failed for JAIPUR: Invalid URL","timestamp":"2026-03-30T17:15:03.137Z"}
{"level":"error","message":"Weather API failed for LUCKNOW: Invalid URL","timestamp":"2026-03-30T17:15:03.289Z"}
{"level":"error","message":"Weather API failed for MUMBAI: Invalid URL","timestamp":"2026-03-30T17:30:00.167Z"}
{"level":"error","message":"Weather API failed for DELHI: Invalid URL","timestamp":"2026-03-30T17:30:00.627Z"}
{"level":"error","message":"Weather API failed for BENGALURU: Invalid URL","timestamp":"2026-03-30T17:30:00.780Z"}
{"level":"error","message":"Weather API failed for HYDERABAD: Invalid URL","timestamp":"2026-03-30T17:30:00.940Z"}
{"level":"error","message":"Weather API failed for CHENNAI: Invalid URL","timestamp":"2026-03-30T17:30:01.091Z"}
{"level":"error","message":"Weather API failed for PUNE: Invalid URL","timestamp":"2026-03-30T17:30:01.341Z"}
{"level":"error","message":"Weather API failed for KOLKATA: Invalid URL","timestamp":"2026-03-30T17:30:01.495Z"}
{"level":"error","message":"Weather API failed for AHMEDABAD: Invalid URL","timestamp":"2026-03-30T17:30:01.645Z"}
{"level":"error","message":"Weather API failed for JAIPUR: Invalid URL","timestamp":"2026-03-30T17:30:01.853Z"}
{"level":"error","message":"Weather API failed for LUCKNOW: Invalid URL","timestamp":"2026-03-30T17:30:02.124Z"}
{"level":"error","message":"Weather API failed for MUMBAI: Invalid URL","timestamp":"2026-03-30T17:45:00.459Z"}
{"level":"error","message":"Weather API failed for DELHI: Invalid URL","timestamp":"2026-03-30T17:45:00.872Z"}
{"level":"error","message":"Weather API failed for BENGALURU: Invalid URL","timestamp":"2026-03-30T17:45:01.010Z"}
{"level":"error","message":"Weather API failed for HYDERABAD: Invalid URL","timestamp":"2026-03-30T17:45:01.154Z"}
{"level":"error","message":"Weather API failed for CHENNAI: Invalid URL","timestamp":"2026-03-30T17:45:01.293Z"}
{"level":"error","message":"Weather API failed for PUNE: Invalid URL","timestamp":"2026-03-30T17:45:01.432Z"}
{"level":"error","message":"Weather API failed for KOLKATA: Invalid URL","timestamp":"2026-03-30T17:45:01.577Z"}
{"level":"error","message":"Weather API failed for AHMEDABAD: Invalid URL","timestamp":"2026-03-30T17:45:01.778Z"}
{"level":"error","message":"Weather API failed for JAIPUR: Invalid URL","timestamp":"2026-03-30T17:45:01.918Z"}
{"level":"error","message":"Weather API failed for LUCKNOW: Invalid URL","timestamp":"2026-03-30T17:45:02.058Z"}
{"level":"error","message":"Weather API failed for MUMBAI: Invalid URL","timestamp":"2026-03-30T18:00:00.541Z"}
{"level":"error","message":"Weather API failed for DELHI: Invalid URL","timestamp":"2026-03-30T18:00:01.153Z"}
{"level":"error","message":"Weather API failed for BENGALURU: Invalid URL","timestamp":"2026-03-30T18:00:01.320Z"}
{"level":"error","message":"Weather API failed for HYDERABAD: Invalid URL","timestamp":"2026-03-30T18:00:01.572Z"}
{"level":"error","message":"Weather API failed for CHENNAI: Invalid URL","timestamp":"2026-03-30T18:00:01.906Z"}
{"level":"error","message":"Weather API failed for PUNE: Invalid URL","timestamp":"2026-03-30T18:00:03.602Z"}
{"level":"error","message":"Weather API failed for KOLKATA: Invalid URL","timestamp":"2026-03-30T18:00:04.093Z"}
{"level":"error","message":"Weather API failed for AHMEDABAD: Invalid URL","timestamp":"2026-03-30T18:00:04.710Z"}
{"level":"error","message":"Weather API failed for JAIPUR: Invalid URL","timestamp":"2026-03-30T18:00:05.051Z"}
{"level":"error","message":"Weather API failed for LUCKNOW: Invalid URL","timestamp":"2026-03-30T18:00:05.260Z"}
{"level":"error","message":"Weather API failed for MUMBAI: Invalid URL","timestamp":"2026-03-30T18:15:00.927Z"}
{"level":"error","message":"Weather API failed for DELHI: Invalid URL","timestamp":"2026-03-30T18:15:01.434Z"}
{"level":"error","message":"Weather API failed for BENGALURU: Invalid URL","timestamp":"2026-03-30T18:15:01.679Z"}
{"level":"error","message":"Weather API failed for HYDERABAD: Invalid URL","timestamp":"2026-03-30T18:15:01.828Z"}
{"level":"error","message":"Weather API failed for CHENNAI: Invalid URL","timestamp":"2026-03-30T18:15:01.974Z"}
{"level":"error","message":"Weather API failed for PUNE: Invalid URL","timestamp":"2026-03-30T18:15:02.116Z"}
{"level":"error","message":"Weather API failed for KOLKATA: Invalid URL","timestamp":"2026-03-30T18:15:02.296Z"}
{"level":"error","message":"Weather API failed for AHMEDABAD: Invalid URL","timestamp":"2026-03-30T18:15:02.440Z"}
{"level":"error","message":"Weather API failed for JAIPUR: Invalid URL","timestamp":"2026-03-30T18:15:02.586Z"}
{"level":"error","message":"Weather API failed for LUCKNOW: Invalid URL","timestamp":"2026-03-30T18:15:02.729Z"}
{"level":"error","message":"Weather API failed for MUMBAI: Invalid URL","timestamp":"2026-03-30T18:30:00.797Z"}
{"level":"error","message":"Weather API failed for DELHI: Invalid URL","timestamp":"2026-03-30T18:30:01.389Z"}
{"level":"error","message":"Weather API failed for BENGALURU: Invalid URL","timestamp":"2026-03-30T18:30:01.535Z"}
{"level":"error","message":"Weather API failed for HYDERABAD: Invalid URL","timestamp":"2026-03-30T18:30:01.681Z"}
{"level":"error","message":"Weather API failed for CHENNAI: Invalid URL","timestamp":"2026-03-30T18:30:01.831Z"}
{"level":"error","message":"Weather API failed for PUNE: Invalid URL","timestamp":"2026-03-30T18:30:02.125Z"}
{"level":"error","message":"Weather API failed for KOLKATA: Invalid URL","timestamp":"2026-03-30T18:30:03.007Z"}
{"level":"error","message":"Weather API failed for AHMEDABAD: Invalid URL","timestamp":"2026-03-30T18:30:03.907Z"}
{"level":"error","message":"Weather API failed for JAIPUR: Invalid URL","timestamp":"2026-03-30T18:30:04.191Z"}
{"level":"error","message":"Weather API failed for LUCKNOW: Invalid URL","timestamp":"2026-03-30T18:30:04.336Z"}
{"level":"error","message":"Weather API failed for MUMBAI: Invalid URL","timestamp":"2026-03-30T18:45:00.202Z"}
{"level":"error","message":"Weather API failed for DELHI: Invalid URL","timestamp":"2026-03-30T18:45:00.679Z"}
{"level":"error","message":"Weather API failed for BENGALURU: Invalid URL","timestamp":"2026-03-30T18:45:00.835Z"}
{"level":"error","message":"Weather API failed for HYDERABAD: Invalid URL","timestamp":"2026-03-30T18:45:01.038Z"}
{"level":"error","message":"Weather API failed for CHENNAI: Invalid URL","timestamp":"2026-03-30T18:45:01.194Z"}
{"level":"error","message":"Weather API failed for PUNE: Invalid URL","timestamp":"2026-03-30T18:45:01.396Z"}
{"level":"error","message":"Weather API failed for KOLKATA: Invalid URL","timestamp":"2026-03-30T18:45:02.574Z"}
{"level":"error","message":"Weather API failed for AHMEDABAD: Invalid URL","timestamp":"2026-03-30T18:45:02.951Z"}
{"level":"error","message":"Weather API failed for JAIPUR: Invalid URL","timestamp":"2026-03-30T18:45:03.135Z"}
{"level":"error","message":"Weather API failed for LUCKNOW: Invalid URL","timestamp":"2026-03-30T18:45:03.397Z"}
{"level":"error","message":"Weather API failed for MUMBAI: Invalid URL","timestamp":"2026-03-30T19:00:00.594Z"}
{"level":"error","message":"Weather API failed for DELHI: Invalid URL","timestamp":"2026-03-30T19:00:01.050Z"}
{"level":"error","message":"Weather API failed for BENGALURU: Invalid URL","timestamp":"2026-03-30T19:00:01.199Z"}
{"level":"error","message":"Weather API failed for HYDERABAD: Invalid URL","timestamp":"2026-03-30T19:00:01.471Z"}
{"level":"error","message":"Weather API failed for CHENNAI: Invalid URL","timestamp":"2026-03-30T19:00:01.651Z"}
{"level":"error","message":"Weather API failed for PUNE: Invalid URL","timestamp":"2026-03-30T19:00:01.813Z"}
{"level":"error","message":"Weather API failed for KOLKATA: Invalid URL","timestamp":"2026-03-30T19:00:01.980Z"}
{"level":"error","message":"Weather API failed for AHMEDABAD: Invalid URL","timestamp":"2026-03-30T19:00:02.494Z"}
{"level":"error","message":"Weather API failed for JAIPUR: Invalid URL","timestamp":"2026-03-30T19:00:02.889Z"}
{"level":"error","message":"Weather API failed for LUCKNOW: Invalid URL","timestamp":"2026-03-30T19:00:03.620Z"}
{"level":"error","message":"Weather API failed for MUMBAI: Invalid URL","timestamp":"2026-03-30T19:15:00.893Z"}
{"level":"error","message":"Weather API failed for DELHI: Invalid URL","timestamp":"2026-03-30T19:15:01.350Z"}
{"level":"error","message":"Weather API failed for BENGALURU: Invalid URL","timestamp":"2026-03-30T19:15:01.494Z"}
{"level":"error","message":"Weather API failed for HYDERABAD: Invalid URL","timestamp":"2026-03-30T19:15:01.638Z"}
{"level":"error","message":"Weather API failed for CHENNAI: Invalid URL","timestamp":"2026-03-30T19:15:01.780Z"}
{"level":"error","message":"Weather API failed for PUNE: Invalid URL","timestamp":"2026-03-30T19:15:01.988Z"}
{"level":"error","message":"Weather API failed for KOLKATA: Invalid URL","timestamp":"2026-03-30T19:15:02.129Z"}
{"level":"error","message":"Weather API failed for AHMEDABAD: Invalid URL","timestamp":"2026-03-30T19:15:02.271Z"}
{"level":"error","message":"Weather API failed for JAIPUR: Invalid URL","timestamp":"2026-03-30T19:15:02.501Z"}
{"level":"error","message":"Weather API failed for LUCKNOW: Invalid URL","timestamp":"2026-03-30T19:15:02.647Z"}
{"level":"error","message":"Uncaught Exception: write EIO","timestamp":"2026-03-30T19:22:39.325Z"}
{"level":"error","message":"Weather API failed for MUMBAI: Invalid URL","timestamp":"2026-03-31T04:45:00.494Z"}
{"level":"error","message":"Weather API failed for DELHI: Invalid URL","timestamp":"2026-03-31T04:45:01.642Z"}
{"level":"error","message":"Weather API failed for BENGALURU: Invalid URL","timestamp":"2026-03-31T04:45:01.789Z"}
{"level":"error","message":"Weather API failed for HYDERABAD: Invalid URL","timestamp":"2026-03-31T04:45:02.043Z"}
{"level":"error","message":"Weather API failed for CHENNAI: Invalid URL","timestamp":"2026-03-31T04:45:02.184Z"}
{"level":"error","message":"Weather API failed for PUNE: Invalid URL","timestamp":"2026-03-31T04:45:02.332Z"}
{"level":"error","message":"Weather API failed for KOLKATA: Invalid URL","timestamp":"2026-03-31T04:45:02.556Z"}
{"level":"error","message":"Weather API failed for AHMEDABAD: Invalid URL","timestamp":"2026-03-31T04:45:02.705Z"}
{"level":"error","message":"Weather API failed for JAIPUR: Invalid URL","timestamp":"2026-03-31T04:45:02.849Z"}
{"level":"error","message":"Weather API failed for LUCKNOW: Invalid URL","timestamp":"2026-03-31T04:45:03.070Z"}
{"level":"error","message":"Weather API failed for MUMBAI: Invalid URL","timestamp":"2026-03-31T05:00:00.749Z"}
{"level":"error","message":"Weather API failed for DELHI: Invalid URL","timestamp":"2026-03-31T05:00:01.209Z"}
{"level":"error","message":"Weather API failed for BENGALURU: Invalid URL","timestamp":"2026-03-31T05:00:01.363Z"}
{"level":"error","message":"Weather API failed for HYDERABAD: Invalid URL","timestamp":"2026-03-31T05:00:01.580Z"}
{"level":"error","message":"Weather API failed for CHENNAI: Invalid URL","timestamp":"2026-03-31T05:00:01.744Z"}
{"level":"error","message":"Weather API failed for PUNE: Invalid URL","timestamp":"2026-03-31T05:00:01.896Z"}
{"level":"error","message":"Weather API failed for KOLKATA: Invalid URL","timestamp":"2026-03-31T05:00:02.119Z"}
{"level":"error","message":"Weather API failed for AHMEDABAD: Invalid URL","timestamp":"2026-03-31T05:00:02.334Z"}
{"level":"error","message":"Weather API failed for JAIPUR: Invalid URL","timestamp":"2026-03-31T05:00:02.943Z"}
{"level":"error","message":"Weather API failed for LUCKNOW: Invalid URL","timestamp":"2026-03-31T05:00:04.203Z"}
{"level":"error","message":"Weather API failed for MUMBAI: Invalid URL","timestamp":"2026-03-31T05:15:00.135Z"}
{"level":"error","message":"Weather API failed for DELHI: Invalid URL","timestamp":"2026-03-31T05:15:00.700Z"}
{"level":"error","message":"Weather API failed for BENGALURU: Invalid URL","timestamp":"2026-03-31T05:15:00.839Z"}
{"level":"error","message":"Weather API failed for HYDERABAD: Invalid URL","timestamp":"2026-03-31T05:15:00.973Z"}
{"level":"error","message":"Weather API failed for CHENNAI: Invalid URL","timestamp":"2026-03-31T05:15:01.113Z"}
{"level":"error","message":"Weather API failed for PUNE: Invalid URL","timestamp":"2026-03-31T05:15:01.250Z"}
{"level":"error","message":"Weather API failed for KOLKATA: Invalid URL","timestamp":"2026-03-31T05:15:01.390Z"}
{"level":"error","message":"Weather API failed for AHMEDABAD: Invalid URL","timestamp":"2026-03-31T05:15:01.628Z"}
{"level":"error","message":"Weather API failed for JAIPUR: Invalid URL","timestamp":"2026-03-31T05:15:01.766Z"}
{"level":"error","message":"Weather API failed for LUCKNOW: Invalid URL","timestamp":"2026-03-31T05:15:01.905Z"}
{"level":"error","message":"Weather API failed for MUMBAI: Invalid URL","timestamp":"2026-03-31T05:30:00.652Z"}
{"level":"error","message":"Weather API failed for DELHI: Invalid URL","timestamp":"2026-03-31T05:30:01.112Z"}
{"level":"error","message":"Weather API failed for BENGALURU: Invalid URL","timestamp":"2026-03-31T05:30:01.333Z"}
{"level":"error","message":"Weather API failed for HYDERABAD: Invalid URL","timestamp":"2026-03-31T05:30:01.487Z"}
{"level":"error","message":"Weather API failed for CHENNAI: Invalid URL","timestamp":"2026-03-31T05:30:01.632Z"}
{"level":"error","message":"Weather API failed for PUNE: Invalid URL","timestamp":"2026-03-31T05:30:01.782Z"}
{"level":"error","message":"Weather API failed for KOLKATA: Invalid URL","timestamp":"2026-03-31T05:30:02.356Z"}
{"level":"error","message":"Weather API failed for AHMEDABAD: Invalid URL","timestamp":"2026-03-31T05:30:03.581Z"}
{"level":"error","message":"Weather API failed for JAIPUR: Invalid URL","timestamp":"2026-03-31T05:30:04.395Z"}
{"level":"error","message":"Weather API failed for LUCKNOW: Invalid URL","timestamp":"2026-03-31T05:30:05.048Z"}
{"level":"error","message":"Uncaught Exception: listen EADDRINUSE: address already in use :::5000","timestamp":"2026-03-31T06:40:44.503Z"}
{"level":"error","message":"Uncaught Exception: listen EADDRINUSE: address already in use :::5000","timestamp":"2026-03-31T06:41:10.784Z"}
{"level":"error","message":"Weather API failed for MUMBAI: Invalid URL","timestamp":"2026-03-31T06:45:00.369Z"}
{"level":"error","message":"Weather API failed for DELHI: Invalid URL","timestamp":"2026-03-31T06:45:01.000Z"}
{"level":"error","message":"Weather API failed for BENGALURU: Invalid URL","timestamp":"2026-03-31T06:45:01.152Z"}
{"level":"error","message":"Weather API failed for HYDERABAD: Invalid URL","timestamp":"2026-03-31T06:45:01.298Z"}
{"level":"error","message":"Weather API failed for CHENNAI: Invalid URL","timestamp":"2026-03-31T06:45:01.447Z"}
{"level":"error","message":"Weather API failed for PUNE: Invalid URL","timestamp":"2026-03-31T06:45:01.603Z"}
{"level":"error","message":"Weather API failed for KOLKATA: Invalid URL","timestamp":"2026-03-31T06:45:01.769Z"}
{"level":"error","message":"Weather API failed for AHMEDABAD: Invalid URL","timestamp":"2026-03-31T06:45:01.966Z"}
{"level":"error","message":"Weather API failed for JAIPUR: Invalid URL","timestamp":"2026-03-31T06:45:02.117Z"}
{"level":"error","message":"Weather API failed for LUCKNOW: Invalid URL","timestamp":"2026-03-31T06:45:02.270Z"}
